<?xml version="1.0" encoding="UTF-8"?>
<!-- Generated by org.testng.reporters.JUnitReportReporter -->
<testsuite hostname="NGBLR-03015" name="loginTest.loginTest" tests="1" failures="0" timestamp="8 Feb 2020 12:25:48 GMT" time="12.076" errors="0">
  <testcase name="validlogin_test" time="12.076" classname="loginTest.loginTest"/>
</testsuite> <!-- loginTest.loginTest -->
