<?xml version="1.0" encoding="UTF-8"?>
<!-- Generated by org.testng.reporters.JUnitReportReporter -->
<testsuite skipped="0" hostname="NGBLR-03015" name="loginTest.loginTest2" tests="2" failures="0" timestamp="2020-01-15T22:03:23 IST" time="17.492" errors="0">
  <testcase name="validlogin_test" time="11.025" classname="loginTest.loginTest2"/>
  <testcase name="invalidlogin_test" time="6.467" classname="loginTest.loginTest2"/>
</testsuite> <!-- loginTest.loginTest2 -->
